

*******************************************************************************
Wed May 17 23:09:06 2017


FIT:    data read from "../results/union1.out" using 2:3
        format = x:z
BREAK: No data to fit

*******************************************************************************
Wed May 17 23:12:20 2017


FIT:    data read from "../results/union1.out" using 2:3
        format = x:z
        #datapoints = 99
        residuals are weighted equally (unit weight)

function used for fitting: f(x)
	f(x) = a*x
fitted parameters initialized with current variable values

iter      chisq       delta/lim  lambda   a            
   0 3.2415388578e+14   0.00e+00  1.81e+06    1.000000e+00
   4 1.4825432706e+03  -2.27e-08  1.81e+02    1.967005e-05

After 4 iterations the fit converged.
final sum of squares of residuals : 1482.54
rel. change during last iteration : -2.27444e-13

degrees of freedom    (FIT_NDF)                        : 98
rms of residuals      (FIT_STDFIT) = sqrt(WSSR/ndf)    : 3.88947
variance of residuals (reduced chisquare) = WSSR/ndf   : 15.128

Final set of parameters            Asymptotic Standard Error
=======================            ==========================
a               = 1.967e-05        +/- 2.16e-07     (1.098%)


*******************************************************************************
Wed May 17 23:12:20 2017


FIT:    data read from "../results/mpi4.out" using 2:4
        format = x:z
        #datapoints = 57
        residuals are weighted equally (unit weight)

function used for fitting: g(x)
	g(x) = b*x
fitted parameters initialized with current variable values

iter      chisq       delta/lim  lambda   b            
   0 1.5999994805e+14   0.00e+00  1.68e+06    1.000000e+00
   4 5.4805361603e+03  -8.22e-08  1.68e+02    1.529550e-05

After 4 iterations the fit converged.
final sum of squares of residuals : 5480.54
rel. change during last iteration : -8.21784e-13

degrees of freedom    (FIT_NDF)                        : 56
rms of residuals      (FIT_STDFIT) = sqrt(WSSR/ndf)    : 9.89276
variance of residuals (reduced chisquare) = WSSR/ndf   : 97.8667

Final set of parameters            Asymptotic Standard Error
=======================            ==========================
b               = 1.52955e-05      +/- 7.821e-07    (5.113%)


*******************************************************************************
Wed May 17 23:12:20 2017


FIT:    data read from "../results/gpu1.out" using 2:4
        format = x:z
        #datapoints = 170
        residuals are weighted equally (unit weight)

function used for fitting: h(x)
	h(x) = c*x
fitted parameters initialized with current variable values

iter      chisq       delta/lim  lambda   c            
   0 5.8338949616e+14   0.00e+00  1.85e+06    1.000000e+00
   4 1.1778788704e+02  -2.03e-08  1.85e+02    6.076157e-06

After 4 iterations the fit converged.
final sum of squares of residuals : 117.788
rel. change during last iteration : -2.02568e-13

degrees of freedom    (FIT_NDF)                        : 169
rms of residuals      (FIT_STDFIT) = sqrt(WSSR/ndf)    : 0.834847
variance of residuals (reduced chisquare) = WSSR/ndf   : 0.69697

Final set of parameters            Asymptotic Standard Error
=======================            ==========================
c               = 6.07616e-06      +/- 3.456e-08    (0.5688%)


*******************************************************************************
Wed May 17 23:13:31 2017


FIT:    data read from "../results/union1.out" using 2:3
        format = x:z
        #datapoints = 97
        residuals are weighted equally (unit weight)

function used for fitting: f(x)
	f(x) = a*x
fitted parameters initialized with current variable values

iter      chisq       delta/lim  lambda   a            
   0 2.9842520327e+14   0.00e+00  1.75e+06    1.000000e+00
   4 1.1030390295e+03  -3.18e-08  1.75e+02    1.935239e-05

After 4 iterations the fit converged.
final sum of squares of residuals : 1103.04
rel. change during last iteration : -3.18065e-13

degrees of freedom    (FIT_NDF)                        : 96
rms of residuals      (FIT_STDFIT) = sqrt(WSSR/ndf)    : 3.38969
variance of residuals (reduced chisquare) = WSSR/ndf   : 11.49

Final set of parameters            Asymptotic Standard Error
=======================            ==========================
a               = 1.93524e-05      +/- 1.962e-07    (1.014%)


*******************************************************************************
Wed May 17 23:13:31 2017


FIT:    data read from "../results/mpi4.out" using 2:4
        format = x:z
        #datapoints = 57
        residuals are weighted equally (unit weight)

function used for fitting: g(x)
	g(x) = b*x
fitted parameters initialized with current variable values

iter      chisq       delta/lim  lambda   b            
   0 1.5999994805e+14   0.00e+00  1.68e+06    1.000000e+00
   4 5.4805361603e+03  -8.22e-08  1.68e+02    1.529550e-05

After 4 iterations the fit converged.
final sum of squares of residuals : 5480.54
rel. change during last iteration : -8.21784e-13

degrees of freedom    (FIT_NDF)                        : 56
rms of residuals      (FIT_STDFIT) = sqrt(WSSR/ndf)    : 9.89276
variance of residuals (reduced chisquare) = WSSR/ndf   : 97.8667

Final set of parameters            Asymptotic Standard Error
=======================            ==========================
b               = 1.52955e-05      +/- 7.821e-07    (5.113%)


*******************************************************************************
Wed May 17 23:13:31 2017


FIT:    data read from "../results/gpu1.out" using 2:4
        format = x:z
        #datapoints = 170
        residuals are weighted equally (unit weight)

function used for fitting: h(x)
	h(x) = c*x
fitted parameters initialized with current variable values

iter      chisq       delta/lim  lambda   c            
   0 5.8338949616e+14   0.00e+00  1.85e+06    1.000000e+00
   4 1.1778788704e+02  -2.03e-08  1.85e+02    6.076157e-06

After 4 iterations the fit converged.
final sum of squares of residuals : 117.788
rel. change during last iteration : -2.02568e-13

degrees of freedom    (FIT_NDF)                        : 169
rms of residuals      (FIT_STDFIT) = sqrt(WSSR/ndf)    : 0.834847
variance of residuals (reduced chisquare) = WSSR/ndf   : 0.69697

Final set of parameters            Asymptotic Standard Error
=======================            ==========================
c               = 6.07616e-06      +/- 3.456e-08    (0.5688%)


*******************************************************************************
Wed May 17 23:14:01 2017


FIT:    data read from "../results/union1.out" using 2:3
        format = x:z
        #datapoints = 97
        residuals are weighted equally (unit weight)

function used for fitting: f(x)
	f(x) = a*x
fitted parameters initialized with current variable values

iter      chisq       delta/lim  lambda   a            
   0 2.9842520327e+14   0.00e+00  1.75e+06    1.000000e+00
   4 1.1030390295e+03  -3.18e-08  1.75e+02    1.935239e-05

After 4 iterations the fit converged.
final sum of squares of residuals : 1103.04
rel. change during last iteration : -3.18065e-13

degrees of freedom    (FIT_NDF)                        : 96
rms of residuals      (FIT_STDFIT) = sqrt(WSSR/ndf)    : 3.38969
variance of residuals (reduced chisquare) = WSSR/ndf   : 11.49

Final set of parameters            Asymptotic Standard Error
=======================            ==========================
a               = 1.93524e-05      +/- 1.962e-07    (1.014%)


*******************************************************************************
Wed May 17 23:14:01 2017


FIT:    data read from "../results/mpi4.out" using 2:4
        format = x:z
        #datapoints = 55
        residuals are weighted equally (unit weight)

function used for fitting: g(x)
	g(x) = b*x
fitted parameters initialized with current variable values

iter      chisq       delta/lim  lambda   b            
   0 1.3765952776e+14   0.00e+00  1.58e+06    1.000000e+00
   4 1.2280330881e+03  -3.90e-07  1.58e+02    1.321874e-05

After 4 iterations the fit converged.
final sum of squares of residuals : 1228.03
rel. change during last iteration : -3.90487e-12

degrees of freedom    (FIT_NDF)                        : 54
rms of residuals      (FIT_STDFIT) = sqrt(WSSR/ndf)    : 4.76879
variance of residuals (reduced chisquare) = WSSR/ndf   : 22.7414

Final set of parameters            Asymptotic Standard Error
=======================            ==========================
b               = 1.32187e-05      +/- 4.064e-07    (3.075%)


*******************************************************************************
Wed May 17 23:14:01 2017


FIT:    data read from "../results/gpu1.out" using 2:4
        format = x:z
        #datapoints = 170
        residuals are weighted equally (unit weight)

function used for fitting: h(x)
	h(x) = c*x
fitted parameters initialized with current variable values

iter      chisq       delta/lim  lambda   c            
   0 5.8338949616e+14   0.00e+00  1.85e+06    1.000000e+00
   4 1.1778788704e+02  -2.03e-08  1.85e+02    6.076157e-06

After 4 iterations the fit converged.
final sum of squares of residuals : 117.788
rel. change during last iteration : -2.02568e-13

degrees of freedom    (FIT_NDF)                        : 169
rms of residuals      (FIT_STDFIT) = sqrt(WSSR/ndf)    : 0.834847
variance of residuals (reduced chisquare) = WSSR/ndf   : 0.69697

Final set of parameters            Asymptotic Standard Error
=======================            ==========================
c               = 6.07616e-06      +/- 3.456e-08    (0.5688%)


*******************************************************************************
Wed May 17 23:19:10 2017


FIT:    data read from "../results/gpu-block1.out" using 3:5
        format = x:z
        #datapoints = 28
        residuals are weighted equally (unit weight)

function used for fitting: f(x)
	f(x) = a*x
fitted parameters initialized with current variable values

iter      chisq       delta/lim  lambda   a            
   0 2.1817627541e+07   0.00e+00  5.07e+02    1.000000e+00
   3 1.5410215771e+07  -6.30e-06  5.07e-01    5.627792e-02

After 3 iterations the fit converged.
final sum of squares of residuals : 1.54102e+07
rel. change during last iteration : -6.30162e-11

degrees of freedom    (FIT_NDF)                        : 27
rms of residuals      (FIT_STDFIT) = sqrt(WSSR/ndf)    : 755.479
variance of residuals (reduced chisquare) = WSSR/ndf   : 570749

Final set of parameters            Asymptotic Standard Error
=======================            ==========================
a               = 0.0562779        +/- 0.2817       (500.5%)


*******************************************************************************
Wed May 17 23:19:10 2017


FIT:    data read from "../results/gpu-global-block1.out" using 3:5
        format = x:z
        #datapoints = 30
        residuals are weighted equally (unit weight)

function used for fitting: g(x)
	g(x) = b*x
fitted parameters initialized with current variable values

iter      chisq       delta/lim  lambda   b            
   0 3.6870315988e+07   0.00e+00  4.55e+02    1.000000e+00
   3 3.5890412531e+07  -3.15e-07  4.55e-01    6.030093e-01

After 3 iterations the fit converged.
final sum of squares of residuals : 3.58904e+07
rel. change during last iteration : -3.15458e-12

degrees of freedom    (FIT_NDF)                        : 29
rms of residuals      (FIT_STDFIT) = sqrt(WSSR/ndf)    : 1112.47
variance of residuals (reduced chisquare) = WSSR/ndf   : 1.2376e+06

Final set of parameters            Asymptotic Standard Error
=======================            ==========================
b               = 0.603009         +/- 0.4461       (73.99%)


*******************************************************************************
Wed May 17 23:19:37 2017


FIT:    data read from "../results/gpu-block1.out" using 3:5
        format = x:z
        #datapoints = 28
        residuals are weighted equally (unit weight)

function used for fitting: f(x)
	f(x) = a*x
fitted parameters initialized with current variable values

iter      chisq       delta/lim  lambda   a            
   0 2.1817627541e+07   0.00e+00  5.07e+02    1.000000e+00
   3 1.5410215771e+07  -6.30e-06  5.07e-01    5.627792e-02

After 3 iterations the fit converged.
final sum of squares of residuals : 1.54102e+07
rel. change during last iteration : -6.30162e-11

degrees of freedom    (FIT_NDF)                        : 27
rms of residuals      (FIT_STDFIT) = sqrt(WSSR/ndf)    : 755.479
variance of residuals (reduced chisquare) = WSSR/ndf   : 570749

Final set of parameters            Asymptotic Standard Error
=======================            ==========================
a               = 0.0562779        +/- 0.2817       (500.5%)


*******************************************************************************
Wed May 17 23:19:37 2017


FIT:    data read from "../results/gpu-global-block1.out" using 3:5
        format = x:z
        #datapoints = 30
        residuals are weighted equally (unit weight)

function used for fitting: g(x)
	g(x) = b*x
fitted parameters initialized with current variable values

iter      chisq       delta/lim  lambda   b            
   0 3.6870315988e+07   0.00e+00  4.55e+02    1.000000e+00
   3 3.5890412531e+07  -3.15e-07  4.55e-01    6.030093e-01

After 3 iterations the fit converged.
final sum of squares of residuals : 3.58904e+07
rel. change during last iteration : -3.15458e-12

degrees of freedom    (FIT_NDF)                        : 29
rms of residuals      (FIT_STDFIT) = sqrt(WSSR/ndf)    : 1112.47
variance of residuals (reduced chisquare) = WSSR/ndf   : 1.2376e+06

Final set of parameters            Asymptotic Standard Error
=======================            ==========================
b               = 0.603009         +/- 0.4461       (73.99%)


*******************************************************************************
Wed May 17 23:20:14 2017


FIT:    data read from "../results/gpu-block1.out" using 3:5
        format = x:z
        #datapoints = 25
        residuals are weighted equally (unit weight)

function used for fitting: f(x)
	f(x) = a*x
fitted parameters initialized with current variable values

iter      chisq       delta/lim  lambda   a            
   0 6.9729219372e+06   0.00e+00  5.36e+02    1.000000e+00
   3 7.9583465827e+02  -2.07e-01  5.36e-01    1.502961e-02

After 3 iterations the fit converged.
final sum of squares of residuals : 795.835
rel. change during last iteration : -2.0719e-06

degrees of freedom    (FIT_NDF)                        : 24
rms of residuals      (FIT_STDFIT) = sqrt(WSSR/ndf)    : 5.75845
variance of residuals (reduced chisquare) = WSSR/ndf   : 33.1598

Final set of parameters            Asymptotic Standard Error
=======================            ==========================
a               = 0.0150296        +/- 0.002148     (14.29%)


*******************************************************************************
Wed May 17 23:20:14 2017


FIT:    data read from "../results/gpu-global-block1.out" using 3:5
        format = x:z
        #datapoints = 26
        residuals are weighted equally (unit weight)

function used for fitting: g(x)
	g(x) = b*x
fitted parameters initialized with current variable values

iter      chisq       delta/lim  lambda   b            
   0 5.2585867053e+06   0.00e+00  4.54e+02    1.000000e+00
   3 1.1760431281e+04  -9.05e-03  4.54e-01    1.148193e-02

After 3 iterations the fit converged.
final sum of squares of residuals : 11760.4
rel. change during last iteration : -9.04618e-08

degrees of freedom    (FIT_NDF)                        : 25
rms of residuals      (FIT_STDFIT) = sqrt(WSSR/ndf)    : 21.6891
variance of residuals (reduced chisquare) = WSSR/ndf   : 470.417

Final set of parameters            Asymptotic Standard Error
=======================            ==========================
b               = 0.0114819        +/- 0.00936      (81.52%)


*******************************************************************************
Wed May 17 23:21:16 2017


FIT:    data read from "../results/gpu-block1.out" using 3:5
        format = x:z
        #datapoints = 25
        residuals are weighted equally (unit weight)

function used for fitting: f(x)
	f(x) = a*log(x)+c
fitted parameters initialized with current variable values

iter      chisq       delta/lim  lambda   a             c            
   0 3.9335501866e+02   0.00e+00  4.12e+00    1.000000e+00   1.000000e+00
   4 9.6913752036e+01  -3.37e-03  4.12e-04   -2.645518e-01   1.111104e+01

After 4 iterations the fit converged.
final sum of squares of residuals : 96.9138
rel. change during last iteration : -3.37043e-08

degrees of freedom    (FIT_NDF)                        : 23
rms of residuals      (FIT_STDFIT) = sqrt(WSSR/ndf)    : 2.05272
variance of residuals (reduced chisquare) = WSSR/ndf   : 4.21364

Final set of parameters            Asymptotic Standard Error
=======================            ==========================
a               = -0.264552        +/- 0.3216       (121.6%)
c               = 11.111           +/- 1.844        (16.6%)

correlation matrix of the fit parameters:
                a      c      
a               1.000 
c              -0.975  1.000 


*******************************************************************************
Wed May 17 23:21:16 2017


FIT:    data read from "../results/gpu-global-block1.out" using 3:5
        format = x:z
        #datapoints = 26
        residuals are weighted equally (unit weight)

function used for fitting: g(x)
	g(x) = b*log(x)+d
fitted parameters initialized with current variable values

iter      chisq       delta/lim  lambda   b             d            
   0 1.0790357752e+04   0.00e+00  3.79e+00    1.000000e+00   1.000000e+00
   4 3.4516307518e+03  -9.54e-05  3.79e-04   -7.797449e+00   5.140851e+01

After 4 iterations the fit converged.
final sum of squares of residuals : 3451.63
rel. change during last iteration : -9.54002e-10

degrees of freedom    (FIT_NDF)                        : 24
rms of residuals      (FIT_STDFIT) = sqrt(WSSR/ndf)    : 11.9924
variance of residuals (reduced chisquare) = WSSR/ndf   : 143.818

Final set of parameters            Asymptotic Standard Error
=======================            ==========================
b               = -7.79745         +/- 1.342        (17.22%)
d               = 51.4085          +/- 7.074        (13.76%)

correlation matrix of the fit parameters:
                b      d      
b               1.000 
d              -0.943  1.000 


*******************************************************************************
Wed May 17 23:30:30 2017


FIT:    data read from "../results/gpu1.out" using 2:4
        format = x:z
        #datapoints = 170
        residuals are weighted equally (unit weight)

function used for fitting: f(x)
	f(x) = a*x
fitted parameters initialized with current variable values

iter      chisq       delta/lim  lambda   a            
   0 5.8338949616e+14   0.00e+00  1.85e+06    1.000000e+00
   4 1.1778788704e+02  -2.03e-08  1.85e+02    6.076157e-06

After 4 iterations the fit converged.
final sum of squares of residuals : 117.788
rel. change during last iteration : -2.02568e-13

degrees of freedom    (FIT_NDF)                        : 169
rms of residuals      (FIT_STDFIT) = sqrt(WSSR/ndf)    : 0.834847
variance of residuals (reduced chisquare) = WSSR/ndf   : 0.69697

Final set of parameters            Asymptotic Standard Error
=======================            ==========================
a               = 6.07616e-06      +/- 3.456e-08    (0.5688%)


*******************************************************************************
Wed May 17 23:30:30 2017


FIT:    data read from "../results/gpu_global1.out" using 2:5
        format = x:z
        #datapoints = 101
        residuals are weighted equally (unit weight)

function used for fitting: g(x)
	g(x) = b*x
fitted parameters initialized with current variable values

iter      chisq       delta/lim  lambda   b            
   0 3.4469900911e+14   0.00e+00  1.85e+06    1.000000e+00
   4 2.4397783646e+01  -1.30e-06  1.85e+02    5.784494e-06

After 4 iterations the fit converged.
final sum of squares of residuals : 24.3978
rel. change during last iteration : -1.30468e-11

degrees of freedom    (FIT_NDF)                        : 100
rms of residuals      (FIT_STDFIT) = sqrt(WSSR/ndf)    : 0.493941
variance of residuals (reduced chisquare) = WSSR/ndf   : 0.243978

Final set of parameters            Asymptotic Standard Error
=======================            ==========================
b               = 5.78449e-06      +/- 2.66e-08     (0.4599%)


*******************************************************************************
Thu May 18 08:44:38 2017


FIT:    data read from "../results/union1.out" using 2:3
        format = x:z
        #datapoints = 97
        residuals are weighted equally (unit weight)

function used for fitting: f(x)
fitted parameters initialized with current variable values



 Iteration 0
 WSSR        : 2.98425e+14       delta(WSSR)/WSSR   : 0
 delta(WSSR) : 0                 limit for stopping : 1e-05
 lambda	  : 1.75404e+06

initial set of free parameter values

a               = 1

After 4 iterations the fit converged.
final sum of squares of residuals : 1103.04
rel. change during last iteration : -3.17858e-13

degrees of freedom    (FIT_NDF)                        : 96
rms of residuals      (FIT_STDFIT) = sqrt(WSSR/ndf)    : 3.38969
variance of residuals (reduced chisquare) = WSSR/ndf   : 11.49

Final set of parameters            Asymptotic Standard Error
=======================            ==========================

a               = 1.93524e-05      +/- 1.962e-07    (1.014%)


correlation matrix of the fit parameters:

               a      
a               1.000 


*******************************************************************************
Thu May 18 08:44:38 2017


FIT:    data read from "../results/mpi4.out" using 2:4
        format = x:z
        #datapoints = 55
        residuals are weighted equally (unit weight)

function used for fitting: g(x)
fitted parameters initialized with current variable values



 Iteration 0
 WSSR        : 1.3766e+14        delta(WSSR)/WSSR   : 0
 delta(WSSR) : 0                 limit for stopping : 1e-05
 lambda	  : 1.58208e+06

initial set of free parameter values

b               = 1

After 4 iterations the fit converged.
final sum of squares of residuals : 1228.03
rel. change during last iteration : -3.90487e-12

degrees of freedom    (FIT_NDF)                        : 54
rms of residuals      (FIT_STDFIT) = sqrt(WSSR/ndf)    : 4.76879
variance of residuals (reduced chisquare) = WSSR/ndf   : 22.7414

Final set of parameters            Asymptotic Standard Error
=======================            ==========================

b               = 1.32187e-05      +/- 4.064e-07    (3.075%)


correlation matrix of the fit parameters:

               b      
b               1.000 


*******************************************************************************
Thu May 18 08:44:38 2017


FIT:    data read from "../results/gpu1.out" using 2:4
        format = x:z
        #datapoints = 170
        residuals are weighted equally (unit weight)

function used for fitting: h(x)
fitted parameters initialized with current variable values



 Iteration 0
 WSSR        : 5.83389e+14       delta(WSSR)/WSSR   : 0
 delta(WSSR) : 0                 limit for stopping : 1e-05
 lambda	  : 1.8525e+06

initial set of free parameter values

c               = 1

After 4 iterations the fit converged.
final sum of squares of residuals : 117.788
rel. change during last iteration : -2.02206e-13

degrees of freedom    (FIT_NDF)                        : 169
rms of residuals      (FIT_STDFIT) = sqrt(WSSR/ndf)    : 0.834847
variance of residuals (reduced chisquare) = WSSR/ndf   : 0.69697

Final set of parameters            Asymptotic Standard Error
=======================            ==========================

c               = 6.07616e-06      +/- 3.456e-08    (0.5688%)


correlation matrix of the fit parameters:

               c      
c               1.000 


*******************************************************************************
Thu May 18 08:47:20 2017


FIT:    data read from "../results/union1.out" using 2:3
        format = x:z
        #datapoints = 97
        residuals are weighted equally (unit weight)

function used for fitting: f(x)
fitted parameters initialized with current variable values



 Iteration 0
 WSSR        : 2.98425e+14       delta(WSSR)/WSSR   : 0
 delta(WSSR) : 0                 limit for stopping : 1e-05
 lambda	  : 1.75404e+06

initial set of free parameter values

a               = 1

After 4 iterations the fit converged.
final sum of squares of residuals : 1103.04
rel. change during last iteration : -3.17858e-13

degrees of freedom    (FIT_NDF)                        : 96
rms of residuals      (FIT_STDFIT) = sqrt(WSSR/ndf)    : 3.38969
variance of residuals (reduced chisquare) = WSSR/ndf   : 11.49

Final set of parameters            Asymptotic Standard Error
=======================            ==========================

a               = 1.93524e-05      +/- 1.962e-07    (1.014%)


correlation matrix of the fit parameters:

               a      
a               1.000 


*******************************************************************************
Thu May 18 08:47:20 2017


FIT:    data read from "../results/mpi4.out" using 2:4
        format = x:z
        #datapoints = 55
        residuals are weighted equally (unit weight)

function used for fitting: g(x)
fitted parameters initialized with current variable values



 Iteration 0
 WSSR        : 1.3766e+14        delta(WSSR)/WSSR   : 0
 delta(WSSR) : 0                 limit for stopping : 1e-05
 lambda	  : 1.58208e+06

initial set of free parameter values

b               = 1

After 4 iterations the fit converged.
final sum of squares of residuals : 1228.03
rel. change during last iteration : -3.90487e-12

degrees of freedom    (FIT_NDF)                        : 54
rms of residuals      (FIT_STDFIT) = sqrt(WSSR/ndf)    : 4.76879
variance of residuals (reduced chisquare) = WSSR/ndf   : 22.7414

Final set of parameters            Asymptotic Standard Error
=======================            ==========================

b               = 1.32187e-05      +/- 4.064e-07    (3.075%)


correlation matrix of the fit parameters:

               b      
b               1.000 


*******************************************************************************
Thu May 18 08:47:20 2017


FIT:    data read from "../results/gpu1.out" using 2:4
        format = x:z
        #datapoints = 170
        residuals are weighted equally (unit weight)

function used for fitting: h(x)
fitted parameters initialized with current variable values



 Iteration 0
 WSSR        : 5.83389e+14       delta(WSSR)/WSSR   : 0
 delta(WSSR) : 0                 limit for stopping : 1e-05
 lambda	  : 1.8525e+06

initial set of free parameter values

c               = 1

After 4 iterations the fit converged.
final sum of squares of residuals : 117.788
rel. change during last iteration : -2.03171e-13

degrees of freedom    (FIT_NDF)                        : 169
rms of residuals      (FIT_STDFIT) = sqrt(WSSR/ndf)    : 0.834847
variance of residuals (reduced chisquare) = WSSR/ndf   : 0.69697

Final set of parameters            Asymptotic Standard Error
=======================            ==========================

c               = 6.07616e-06      +/- 3.456e-08    (0.5688%)


correlation matrix of the fit parameters:

               c      
c               1.000 


*******************************************************************************
Thu May 18 11:31:33 2017


FIT:    data read from "../results/union1.out" using 2:3
        format = x:z
        #datapoints = 97
        residuals are weighted equally (unit weight)

function used for fitting: f(x)
fitted parameters initialized with current variable values



 Iteration 0
 WSSR        : 2.98425e+14       delta(WSSR)/WSSR   : 0
 delta(WSSR) : 0                 limit for stopping : 1e-05
 lambda	  : 1.75404e+06

initial set of free parameter values

a               = 1

After 4 iterations the fit converged.
final sum of squares of residuals : 1103.04
rel. change during last iteration : -3.17858e-13

degrees of freedom    (FIT_NDF)                        : 96
rms of residuals      (FIT_STDFIT) = sqrt(WSSR/ndf)    : 3.38969
variance of residuals (reduced chisquare) = WSSR/ndf   : 11.49

Final set of parameters            Asymptotic Standard Error
=======================            ==========================

a               = 1.93524e-05      +/- 1.962e-07    (1.014%)


correlation matrix of the fit parameters:

               a      
a               1.000 


*******************************************************************************
Thu May 18 11:31:33 2017


FIT:    data read from "../results/mpi4.out" using 2:4
        format = x:z
        #datapoints = 55
        residuals are weighted equally (unit weight)

function used for fitting: g(x)
fitted parameters initialized with current variable values



 Iteration 0
 WSSR        : 1.3766e+14        delta(WSSR)/WSSR   : 0
 delta(WSSR) : 0                 limit for stopping : 1e-05
 lambda	  : 1.58208e+06

initial set of free parameter values

b               = 1

After 4 iterations the fit converged.
final sum of squares of residuals : 1228.03
rel. change during last iteration : -3.90487e-12

degrees of freedom    (FIT_NDF)                        : 54
rms of residuals      (FIT_STDFIT) = sqrt(WSSR/ndf)    : 4.76879
variance of residuals (reduced chisquare) = WSSR/ndf   : 22.7414

Final set of parameters            Asymptotic Standard Error
=======================            ==========================

b               = 1.32187e-05      +/- 4.064e-07    (3.075%)


correlation matrix of the fit parameters:

               b      
b               1.000 


*******************************************************************************
Thu May 18 11:31:33 2017


FIT:    data read from "../results/gpu1.out" using 2:4
        format = x:z
        #datapoints = 170
        residuals are weighted equally (unit weight)

function used for fitting: h(x)
fitted parameters initialized with current variable values



 Iteration 0
 WSSR        : 5.83389e+14       delta(WSSR)/WSSR   : 0
 delta(WSSR) : 0                 limit for stopping : 1e-05
 lambda	  : 1.8525e+06

initial set of free parameter values

c               = 1

After 4 iterations the fit converged.
final sum of squares of residuals : 117.788
rel. change during last iteration : -2.03171e-13

degrees of freedom    (FIT_NDF)                        : 169
rms of residuals      (FIT_STDFIT) = sqrt(WSSR/ndf)    : 0.834847
variance of residuals (reduced chisquare) = WSSR/ndf   : 0.69697

Final set of parameters            Asymptotic Standard Error
=======================            ==========================

c               = 6.07616e-06      +/- 3.456e-08    (0.5688%)


correlation matrix of the fit parameters:

               c      
c               1.000 
