[host109-06-09:25941] *** An error occurred in MPI_Scatterv
[host109-06-09:25941] *** reported by process [2213281793,0]
[host109-06-09:25941] *** on communicator MPI_COMM_WORLD
[host109-06-09:25941] *** MPI_ERR_COUNT: invalid count argument
[host109-06-09:25941] *** MPI_ERRORS_ARE_FATAL (processes in this communicator will now abort,
[host109-06-09:25941] ***    and potentially your MPI job)
[host109-06-09:26007] *** An error occurred in MPI_Scatterv
[host109-06-09:26007] *** reported by process [2201747457,0]
[host109-06-09:26007] *** on communicator MPI_COMM_WORLD
[host109-06-09:26007] *** MPI_ERR_COUNT: invalid count argument
[host109-06-09:26007] *** MPI_ERRORS_ARE_FATAL (processes in this communicator will now abort,
[host109-06-09:26007] ***    and potentially your MPI job)
[host109-06-09:26074] *** An error occurred in MPI_Scatterv
[host109-06-09:26074] *** reported by process [2205220865,0]
[host109-06-09:26074] *** on communicator MPI_COMM_WORLD
[host109-06-09:26074] *** MPI_ERR_COUNT: invalid count argument
[host109-06-09:26074] *** MPI_ERRORS_ARE_FATAL (processes in this communicator will now abort,
[host109-06-09:26074] ***    and potentially your MPI job)
[host109-06-09:26140] *** An error occurred in MPI_Scatterv
[host109-06-09:26140] *** reported by process [2159214593,0]
[host109-06-09:26140] *** on communicator MPI_COMM_WORLD
[host109-06-09:26140] *** MPI_ERR_COUNT: invalid count argument
[host109-06-09:26140] *** MPI_ERRORS_ARE_FATAL (processes in this communicator will now abort,
[host109-06-09:26140] ***    and potentially your MPI job)
[host109-06-09:26206] *** An error occurred in MPI_Scatterv
[host109-06-09:26206] *** reported by process [2163539969,0]
[host109-06-09:26206] *** on communicator MPI_COMM_WORLD
[host109-06-09:26206] *** MPI_ERR_COUNT: invalid count argument
[host109-06-09:26206] *** MPI_ERRORS_ARE_FATAL (processes in this communicator will now abort,
[host109-06-09:26206] ***    and potentially your MPI job)
[host109-06-09:26272] *** An error occurred in MPI_Scatterv
[host109-06-09:26272] *** reported by process [2151088129,0]
[host109-06-09:26272] *** on communicator MPI_COMM_WORLD
[host109-06-09:26272] *** MPI_ERR_COUNT: invalid count argument
[host109-06-09:26272] *** MPI_ERRORS_ARE_FATAL (processes in this communicator will now abort,
[host109-06-09:26272] ***    and potentially your MPI job)
[host109-06-09:26338] *** An error occurred in MPI_Scatterv
[host109-06-09:26338] *** reported by process [2152267777,0]
[host109-06-09:26338] *** on communicator MPI_COMM_WORLD
[host109-06-09:26338] *** MPI_ERR_COUNT: invalid count argument
[host109-06-09:26338] *** MPI_ERRORS_ARE_FATAL (processes in this communicator will now abort,
[host109-06-09:26338] ***    and potentially your MPI job)
[host109-06-09:26404] *** An error occurred in MPI_Scatterv
[host109-06-09:26404] *** reported by process [2173370369,0]
[host109-06-09:26404] *** on communicator MPI_COMM_WORLD
[host109-06-09:26404] *** MPI_ERR_COUNT: invalid count argument
[host109-06-09:26404] *** MPI_ERRORS_ARE_FATAL (processes in this communicator will now abort,
[host109-06-09:26404] ***    and potentially your MPI job)
[host109-06-09:26529] *** An error occurred in MPI_Scatterv
[host109-06-09:26529] *** reported by process [2177695745,31]
[host109-06-09:26529] *** on communicator MPI_COMM_WORLD
[host109-06-09:26529] *** MPI_ERR_COUNT: invalid count argument
[host109-06-09:26529] *** MPI_ERRORS_ARE_FATAL (processes in this communicator will now abort,
[host109-06-09:26529] ***    and potentially your MPI job)
[host109-06-09:26536] *** An error occurred in MPI_Scatterv
[host109-06-09:26536] *** reported by process [2165243905,0]
[host109-06-09:26536] *** on communicator MPI_COMM_WORLD
[host109-06-09:26536] *** MPI_ERR_COUNT: invalid count argument
[host109-06-09:26536] *** MPI_ERRORS_ARE_FATAL (processes in this communicator will now abort,
[host109-06-09:26536] ***    and potentially your MPI job)
