finger,normal,300,300,0.978947
finger,normal,300,300,0.812054
finger,normal,300,300,0.817060
finger,normal,300,300,0.752926
finger,normal,300,300,0.839949
finger,normal,300,300,0.808954
finger,normal,300,300,0.796795
finger,normal,300,300,0.813961
finger,normal,300,300,0.810862
finger,normal,300,300,0.809193
finger,normal,300,300,0.804901
finger,normal,300,300,0.809908
finger,normal,300,300,0.804901
finger,normal,300,300,0.806093
finger,normal,300,300,0.822067
finger,normal,300,300,0.813961
finger,normal,300,300,0.802040
finger,normal,300,300,0.804901
finger,normal,300,300,0.818968
finger,normal,300,300,0.813007
finger,normal,300,300,0.864983
