hard-maze,normal,660,498,5.437851
hard-maze,normal,660,498,4.942179
hard-maze,normal,660,498,5.435228
hard-maze,normal,660,498,5.295992
hard-maze,normal,660,498,5.028009
hard-maze,normal,660,498,5.370140
hard-maze,normal,660,498,5.307913
hard-maze,normal,660,498,4.940987
hard-maze,normal,660,498,5.230904
hard-maze,normal,660,498,5.306959
hard-maze,normal,660,498,5.351067
hard-maze,normal,660,498,5.314827
hard-maze,normal,660,498,5.332947
hard-maze,normal,660,498,5.280018
hard-maze,normal,660,498,5.263090
hard-maze,normal,660,498,5.226851
hard-maze,normal,660,498,5.300999
hard-maze,normal,660,498,5.430222
hard-maze,normal,660,498,5.274057
hard-maze,normal,660,498,5.383968
