3pixeldeath,normal,100,100,0.121832
3pixeldeath,normal,100,100,0.124931
3pixeldeath,normal,100,100,0.125885
3pixeldeath,normal,100,100,0.151157
3pixeldeath,normal,100,100,0.132799
3pixeldeath,normal,100,100,0.123024
3pixeldeath,normal,100,100,0.128984
3pixeldeath,normal,100,100,0.135183
3pixeldeath,normal,100,100,0.125885
3pixeldeath,normal,100,100,0.135183
3pixeldeath,normal,100,100,0.133038
3pixeldeath,normal,100,100,0.122070
3pixeldeath,normal,100,100,0.133991
3pixeldeath,normal,100,100,0.128984
3pixeldeath,normal,100,100,0.152111
3pixeldeath,normal,100,100,0.124216
3pixeldeath,normal,100,100,0.133991
3pixeldeath,normal,100,100,0.123024
3pixeldeath,normal,100,100,0.134945
3pixeldeath,normal,100,100,0.121117
3pixeldeath,normal,100,100,0.125885
3pixeldeath,normal,100,100,0.133038
3pixeldeath,normal,100,100,0.122070
3pixeldeath,normal,100,100,0.127077
3pixeldeath,normal,100,100,0.122070
