3pixeldeath,normal,10000,64,0.204320,0.415104
3pixeldeath,normal,10000,64,0.195776,0.406432
3pixeldeath,normal,10000,64,0.207584,0.397888
3pixeldeath,normal,10000,64,0.206784,0.394752
3pixeldeath,normal,10000,64,0.196224,0.408256
3pixeldeath,normal,10000,64,0.209888,0.401376
3pixeldeath,normal,10000,64,0.199520,0.461952
3pixeldeath,normal,10000,64,0.204576,0.391968
3pixeldeath,normal,10000,64,0.202944,0.395552
3pixeldeath,normal,10000,64,0.204448,0.396128
3pixeldeath,normal,10000,64,0.198496,0.365760
3pixeldeath,normal,10000,64,0.200768,0.737088
3pixeldeath,normal,10000,64,0.206752,0.400544
3pixeldeath,normal,10000,64,0.196000,0.404800
3pixeldeath,normal,10000,64,0.203456,0.392192
3pixeldeath,normal,10000,64,0.199264,0.408640
3pixeldeath,normal,10000,64,0.203904,0.384960
3pixeldeath,normal,10000,64,0.196544,0.436096
3pixeldeath,normal,10000,64,0.206496,0.434432
3pixeldeath,normal,10000,64,0.212288,0.423040
