f0001,normal,1390,2125,14.254093
f0001,normal,1390,2125,7.601976
f0001,normal,1390,2125,8.633137
f0001,normal,1390,2125,8.677959
f0001,normal,1390,2125,7.845163
f0001,normal,1390,2125,8.378983
f0001,normal,1390,2125,8.569956
f0001,normal,1390,2125,8.422136
f0001,normal,1390,2125,8.324146
f0001,normal,1390,2125,7.587910
f0001,normal,1390,2125,8.641005
f0001,normal,1390,2125,8.355856
f0001,normal,1390,2125,8.491039
f0001,normal,1390,2125,8.638859
f0001,normal,1390,2125,8.635998
f0001,normal,1390,2125,9.546995
f0001,normal,1390,2125,8.594036
f0001,normal,1390,2125,8.923054
f0001,normal,1390,2125,9.840965
f0001,normal,1390,2125,8.400917
